<?xml version="1.0" encoding="UTF-8"?>
<!-- Generated by org.testng.reporters.JUnitReportReporter -->
<testsuite hostname="DESKTOP-ME47GIL" name="testRCB.ValidateFourForeignPlayers" tests="1" failures="0" timestamp="26 Aug 2022 06:38:56 GMT" time="0.003" errors="0">
  <testcase name="verifyFourForeignPlayers" time="0.003" classname="testRCB.ValidateFourForeignPlayers"/>
</testsuite> <!-- testRCB.ValidateFourForeignPlayers -->
