<?xml version="1.0" encoding="UTF-8"?>
<!-- Generated by org.testng.reporters.JUnitReportReporter -->
<testsuite hostname="DESKTOP-ME47GIL" name="testRCB.ValidateAtleastOneWicketKeeper" tests="1" failures="0" timestamp="26 Aug 2022 05:35:28 GMT" time="0.038" errors="0">
  <testcase name="verifyAtlestOneWicketKeeper" time="0.038" classname="testRCB.ValidateAtleastOneWicketKeeper"/>
</testsuite> <!-- testRCB.ValidateAtleastOneWicketKeeper -->
